#0 building with "default" instance using docker driver

#1 [internal] load build definition from Dockerfile
#1 transferring dockerfile: 1.13kB 0.0s done
#1 DONE 0.1s

#2 [internal] load metadata for docker.io/library/node:18-alpine
#2 DONE 1.1s

#3 [internal] load .dockerignore
#3 transferring context: 647B 0.1s done
#3 DONE 0.2s

#4 [builder 1/6] FROM docker.io/library/node:18-alpine@sha256:8d6421d663b4c28fd3ebc498332f249011d118945588d0a35cb9bc4b8ca09d9e
#4 DONE 0.0s

#5 [internal] load build context
#5 transferring context: 17.98kB 0.1s done
#5 DONE 0.1s

#6 [builder 2/6] WORKDIR /app
#6 CACHED

#7 [production 3/9] RUN apk add --no-cache curl
#7 CACHED

#8 [production 4/9] COPY package*.json ./
#8 CACHED

#9 [production 5/9] RUN npm ci --only=production && npm cache clean --force
#9 CACHED

#10 [builder 3/6] COPY package*.json ./
#10 CACHED

#11 [builder 4/6] RUN npm ci
#11 CACHED

#12 [builder 5/6] COPY . .
#12 DONE 0.3s

#13 [builder 6/6] RUN npm run build
#13 2.088 
#13 2.088 > rest-express@1.0.0 build
#13 2.088 > vite build && esbuild server/index.ts --platform=node --packages=external --bundle --format=esm --outdir=dist
#13 2.088 
#13 2.984 vite v5.4.14 building for production...
#13 3.320 transforming...
#13 50.06 ✓ 3043 modules transformed.
#13 54.06 rendering chunks...
#13 54.21 computing gzip size...
#13 54.34 ../dist/public/index.html                     0.63 kB │ gzip:   0.38 kB
#13 54.34 ../dist/public/assets/index-NWKHR-sa.css     73.15 kB │ gzip:  12.43 kB
#13 54.34 ../dist/public/assets/index-qeNjputK.js   1,686.09 kB │ gzip: 515.85 kB
#13 54.34 ✓ built in 51.28s
#13 54.34 
#13 54.34 (!) Some chunks are larger than 500 kB after minification. Consider:
#13 54.34 - Using dynamic import() to code-split the application
#13 54.34 - Use build.rollupOptions.output.manualChunks to improve chunking: https://rollupjs.org/configuration-options/#output-manualchunks
#13 54.34 - Adjust chunk size limit for this warning via build.chunkSizeWarningLimit.
#13 54.67 
#13 54.67   dist/index.js  51.6kb
#13 54.67 
#13 54.67 ⚡ Done in 27ms
#13 DONE 54.9s

#14 [production 6/9] COPY --from=builder /app/dist ./dist
#14 CACHED

#15 [production 7/9] COPY --from=builder /app/client/dist ./client/dist
#15 ERROR: failed to calculate checksum of ref 8ad9d4a5-9d9c-4153-88f0-a1924b03e128::rnisdp1rwo47aqtjetls4hwpk: "/app/client/dist": not found
------
 > [production 7/9] COPY --from=builder /app/client/dist ./client/dist:
------
Dockerfile:34
--------------------
  32 |     # Copy built application from builder stage
  33 |     COPY --from=builder /app/dist ./dist
  34 | >>> COPY --from=builder /app/client/dist ./client/dist
  35 |     
  36 |     # Create non-root user for security
--------------------
ERROR: failed to solve: failed to compute cache key: failed to calculate checksum of ref 8ad9d4a5-9d9c-4153-88f0-a1924b03e128::rnisdp1rwo47aqtjetls4hwpk: "/app/client/dist": not found
